TN:
SF:src/modules/appointments/services/CreateAppointmentService.ts
FN:40,Object.<anonymous>
FN:40,Object.<anonymous>.__decorate
FN:40,Object.<anonymous>.__metadata
FN:40,Object.<anonymous>.__param
FN:40,Object.<anonymous>.__awaiter
FN:40,adopt
FN:40,fulfilled
FN:40,rejected
FN:40,step
FN:40,Object.<anonymous>.__generator
FN:40,sent
FN:40,Symbol.function.g.(anonymous function)
FN:40,verb
FN:40,step
FN:40,Object.<anonymous>.__importDefault
FN:15,CreateAppointmentService
FN:20,Object.<anonymous>.CreateAppointmentService.execute
FNF:17
FNH:15
FNDA:1,Object.<anonymous>
FNDA:1,Object.<anonymous>.__decorate
FNDA:1,Object.<anonymous>.__metadata
FNDA:1,Object.<anonymous>.__param
FNDA:3,Object.<anonymous>.__awaiter
FNDA:5,adopt
FNDA:5,fulfilled
FNDA:0,rejected
FNDA:7,step
FNDA:3,Object.<anonymous>.__generator
FNDA:5,sent
FNDA:0,Symbol.function.g.(anonymous function)
FNDA:9,verb
FNDA:8,step
FNDA:1,Object.<anonymous>.__importDefault
FNDA:2,CreateAppointmentService
FNDA:3,Object.<anonymous>.CreateAppointmentService.execute
DA:1,1
DA:2,1
DA:3,1
DA:4,1
DA:5,1
DA:6,1
DA:7,1
DA:8,1
DA:9,1
DA:10,1
DA:11,1
DA:12,1
DA:13,1
DA:14,1
DA:15,1
DA:16,2
DA:17,2
DA:18,2
DA:19,1
DA:20,1
DA:21,3
DA:22,3
DA:23,3
DA:24,3
DA:25,3
DA:26,3
DA:27,1
DA:28,1
DA:29,1
DA:30,1
DA:31,2
DA:32,2
DA:33,2
DA:34,2
DA:35,3
DA:36,3
DA:37,3
DA:38,1
DA:39,1
DA:40,1
LF:40
LH:40
BRDA:40,0,0,1
BRDA:40,1,0,1
BRDA:40,2,0,1
BRDA:40,3,0,0
BRDA:40,4,0,0
BRDA:40,5,0,0
BRDA:40,6,0,0
BRDA:40,7,0,1
BRDA:40,8,0,1
BRDA:40,9,0,1
BRDA:40,10,0,3
BRDA:40,11,0,5
BRDA:40,12,0,0
BRDA:40,13,0,3
BRDA:40,14,0,5
BRDA:40,15,0,4
BRDA:40,16,0,1
BRDA:40,17,0,7
BRDA:40,18,0,2
BRDA:40,19,0,5
BRDA:40,20,0,3
BRDA:40,21,0,5
BRDA:40,22,0,0
BRDA:40,23,0,9
BRDA:40,24,0,8
BRDA:40,25,0,8
BRDA:40,26,0,0
BRDA:40,27,0,16
BRDA:40,28,0,0
BRDA:40,29,0,0
BRDA:40,30,0,0
BRDA:40,31,0,0
BRDA:40,32,0,8
BRDA:40,33,0,8
BRDA:40,34,0,0
BRDA:40,35,0,5
BRDA:40,36,0,0
BRDA:40,37,0,3
BRDA:40,38,0,0
BRDA:40,39,0,2
BRDA:40,40,0,0
BRDA:40,41,0,0
BRDA:40,42,0,0
BRDA:40,43,0,0
BRDA:40,44,0,0
BRDA:40,45,0,8
BRDA:40,46,0,7
BRDA:40,47,0,1
BRDA:40,48,0,8
BRDA:40,49,0,3
BRDA:40,50,0,1
BRDA:40,51,0,2
BRDA:40,52,0,0
BRDA:40,53,0,1
BRDA:40,54,0,0
BRDA:14,55,0,1
BRDA:15,56,0,2
BRDA:20,57,0,3
BRDA:40,58,0,3
BRDA:40,59,0,8
BRDA:40,60,0,3
BRDA:40,61,0,0
BRDA:40,62,0,3
BRDA:26,63,0,1
BRDA:30,64,0,2
BRDA:40,65,0,0
BRDA:40,66,0,2
BRDA:40,67,0,0
BRF:68
BRH:44
end_of_record
TN:
SF:src/modules/users/services/AuthenticateUserService.ts
FN:58,Object.<anonymous>
FN:58,Object.<anonymous>.__decorate
FN:58,Object.<anonymous>.__metadata
FN:58,Object.<anonymous>.__param
FN:58,Object.<anonymous>.__awaiter
FN:58,adopt
FN:58,fulfilled
FN:58,rejected
FN:58,step
FN:58,Object.<anonymous>.__generator
FN:58,sent
FN:58,Symbol.function.g.(anonymous function)
FN:58,verb
FN:58,step
FN:58,Object.<anonymous>.__importDefault
FN:21,AuthenticateUserService
FN:29,Object.<anonymous>.AuthenticateUserService.execute
FNF:17
FNH:15
FNDA:1,Object.<anonymous>
FNDA:1,Object.<anonymous>.__decorate
FNDA:1,Object.<anonymous>.__metadata
FNDA:2,Object.<anonymous>.__param
FNDA:1,Object.<anonymous>.__awaiter
FNDA:2,adopt
FNDA:2,fulfilled
FNDA:0,rejected
FNDA:3,step
FNDA:1,Object.<anonymous>.__generator
FNDA:2,sent
FNDA:0,Symbol.function.g.(anonymous function)
FNDA:3,verb
FNDA:3,step
FNDA:2,Object.<anonymous>.__importDefault
FNDA:1,AuthenticateUserService
FNDA:1,Object.<anonymous>.AuthenticateUserService.execute
DA:1,1
DA:2,1
DA:3,1
DA:4,1
DA:5,1
DA:6,1
DA:7,1
DA:8,1
DA:9,1
DA:10,1
DA:11,1
DA:12,1
DA:13,1
DA:14,1
DA:15,1
DA:16,1
DA:17,1
DA:18,1
DA:19,1
DA:20,1
DA:21,1
DA:22,1
DA:23,1
DA:24,1
DA:25,1
DA:26,1
DA:27,1
DA:28,1
DA:29,1
DA:30,1
DA:31,1
DA:32,0
DA:33,0
DA:34,1
DA:35,1
DA:36,1
DA:37,1
DA:38,1
DA:39,1
DA:40,1
DA:41,0
DA:42,0
DA:43,1
DA:44,1
DA:45,1
DA:46,1
DA:47,1
DA:48,1
DA:49,1
DA:50,1
DA:51,1
DA:52,1
DA:53,1
DA:54,1
DA:55,1
DA:56,1
DA:57,1
DA:58,1
LF:58
LH:54
BRDA:58,0,0,1
BRDA:58,1,0,1
BRDA:58,2,0,1
BRDA:58,3,0,0
BRDA:58,4,0,0
BRDA:58,5,0,0
BRDA:58,6,0,0
BRDA:58,7,0,1
BRDA:58,8,0,2
BRDA:58,9,0,2
BRDA:58,10,0,1
BRDA:58,11,0,2
BRDA:58,12,0,0
BRDA:58,13,0,1
BRDA:58,14,0,2
BRDA:58,15,0,0
BRDA:58,16,0,3
BRDA:58,17,0,1
BRDA:58,18,0,2
BRDA:58,19,0,1
BRDA:58,20,0,2
BRDA:58,21,0,0
BRDA:58,22,0,3
BRDA:58,23,0,3
BRDA:58,24,0,3
BRDA:58,25,0,0
BRDA:58,26,0,6
BRDA:58,27,0,0
BRDA:58,28,0,0
BRDA:58,29,0,0
BRDA:58,30,0,0
BRDA:58,31,0,3
BRDA:58,32,0,3
BRDA:58,33,0,0
BRDA:58,34,0,2
BRDA:58,35,0,0
BRDA:58,36,0,1
BRDA:58,37,0,0
BRDA:58,38,0,0
BRDA:58,39,0,0
BRDA:58,40,0,0
BRDA:58,41,0,0
BRDA:58,42,0,0
BRDA:58,43,0,3
BRDA:58,44,0,0
BRDA:58,45,0,3
BRDA:58,46,0,1
BRDA:58,47,0,0
BRDA:58,48,0,1
BRDA:58,49,0,0
BRDA:58,50,0,2
BRDA:58,51,0,0
BRDA:20,52,0,1
BRDA:21,53,0,1
BRDA:29,54,0,1
BRDA:58,55,0,1
BRDA:58,56,0,3
BRDA:30,57,0,1
BRDA:58,58,0,0
BRDA:58,59,0,1
BRDA:31,60,0,0
BRDA:58,61,0,0
BRDA:58,62,0,1
BRDA:40,63,0,0
BRDA:58,64,0,0
BRF:65
BRH:36
end_of_record
TN:
SF:src/modules/users/services/CreateUserService.ts
FN:50,Object.<anonymous>
FN:50,Object.<anonymous>.__decorate
FN:50,Object.<anonymous>.__metadata
FN:50,Object.<anonymous>.__param
FN:50,Object.<anonymous>.__awaiter
FN:50,adopt
FN:50,fulfilled
FN:50,rejected
FN:50,step
FN:50,Object.<anonymous>.__generator
FN:50,sent
FN:50,Symbol.function.g.(anonymous function)
FN:50,verb
FN:50,step
FN:50,Object.<anonymous>.__importDefault
FN:15,CreateUserService
FN:23,Object.<anonymous>.CreateUserService.execute
FNF:17
FNH:15
FNDA:2,Object.<anonymous>
FNDA:2,Object.<anonymous>.__decorate
FNDA:2,Object.<anonymous>.__metadata
FNDA:4,Object.<anonymous>.__param
FNDA:4,Object.<anonymous>.__awaiter
FNDA:10,adopt
FNDA:10,fulfilled
FNDA:0,rejected
FNDA:13,step
FNDA:4,Object.<anonymous>.__generator
FNDA:10,sent
FNDA:0,Symbol.function.g.(anonymous function)
FNDA:12,verb
FNDA:14,step
FNDA:2,Object.<anonymous>.__importDefault
FNDA:3,CreateUserService
FNDA:4,Object.<anonymous>.CreateUserService.execute
DA:1,1
DA:2,1
DA:3,1
DA:4,1
DA:5,1
DA:6,1
DA:7,1
DA:8,1
DA:9,1
DA:10,1
DA:11,1
DA:12,1
DA:13,1
DA:14,2
DA:15,2
DA:16,3
DA:17,3
DA:18,3
DA:19,3
DA:20,3
DA:21,3
DA:22,2
DA:23,2
DA:24,4
DA:25,4
DA:26,4
DA:27,4
DA:28,4
DA:29,4
DA:30,4
DA:31,4
DA:32,4
DA:33,4
DA:34,1
DA:35,1
DA:36,3
DA:37,3
DA:38,4
DA:39,4
DA:40,4
DA:41,4
DA:42,4
DA:43,4
DA:44,4
DA:45,4
DA:46,4
DA:47,4
DA:48,2
DA:49,1
DA:50,1
LF:50
LH:50
BRDA:50,0,0,2
BRDA:50,1,0,2
BRDA:50,2,0,2
BRDA:50,3,0,0
BRDA:50,4,0,0
BRDA:50,5,0,0
BRDA:50,6,0,0
BRDA:50,7,0,2
BRDA:50,8,0,4
BRDA:50,9,0,4
BRDA:50,10,0,4
BRDA:50,11,0,10
BRDA:50,12,0,0
BRDA:50,13,0,4
BRDA:50,14,0,10
BRDA:50,15,0,9
BRDA:50,16,0,1
BRDA:50,17,0,13
BRDA:50,18,0,3
BRDA:50,19,0,10
BRDA:50,20,0,4
BRDA:50,21,0,10
BRDA:50,22,0,0
BRDA:50,23,0,12
BRDA:50,24,0,14
BRDA:50,25,0,14
BRDA:50,26,0,0
BRDA:50,27,0,28
BRDA:50,28,0,0
BRDA:50,29,0,0
BRDA:50,30,0,0
BRDA:50,31,0,0
BRDA:50,32,0,14
BRDA:50,33,0,14
BRDA:50,34,0,0
BRDA:50,35,0,10
BRDA:50,36,0,0
BRDA:50,37,0,4
BRDA:50,38,0,0
BRDA:50,39,0,3
BRDA:50,40,0,0
BRDA:50,41,0,0
BRDA:50,42,0,0
BRDA:50,43,0,0
BRDA:50,44,0,0
BRDA:50,45,0,24
BRDA:50,46,0,14
BRDA:50,47,0,13
BRDA:50,48,0,1
BRDA:50,49,0,14
BRDA:50,50,0,4
BRDA:50,51,0,1
BRDA:50,52,0,3
BRDA:50,53,0,0
BRDA:50,54,0,2
BRDA:50,55,0,0
BRDA:14,56,0,2
BRDA:15,57,0,3
BRDA:23,58,0,4
BRDA:50,59,0,4
BRDA:50,60,0,14
BRDA:29,61,0,4
BRDA:50,62,0,0
BRDA:50,63,0,4
BRDA:33,64,0,1
BRDA:35,65,0,3
BRDA:50,66,0,0
BRDA:50,67,0,3
BRDA:50,68,0,0
BRDA:50,69,0,3
BRDA:50,70,0,0
BRF:71
BRH:46
end_of_record
TN:
SF:src/modules/users/services/UpdateUserAvatarService.ts
FN:1,(empty-report)
FNF:1
FNH:0
FNDA:0,(empty-report)
DA:1,0
DA:2,0
DA:3,0
DA:4,0
DA:5,0
DA:6,0
DA:7,0
DA:8,0
DA:9,0
DA:10,0
DA:11,0
DA:12,0
DA:13,0
DA:14,0
DA:15,0
DA:16,0
DA:17,0
DA:18,0
DA:19,0
DA:20,0
DA:21,0
DA:22,0
DA:23,0
DA:24,0
DA:25,0
DA:26,0
DA:27,0
DA:28,0
DA:29,0
DA:30,0
DA:31,0
DA:32,0
DA:33,0
DA:34,0
DA:35,0
DA:36,0
DA:37,0
DA:38,0
DA:39,0
DA:40,0
DA:41,0
DA:42,0
DA:43,0
LF:43
LH:0
BRDA:1,0,0,0
BRF:1
BRH:0
end_of_record
